mode: set
github.com/Ulbora/FlicService/handlers/flicHandler.go:63.41,65.2 1 1
github.com/Ulbora/FlicService/handlers/flicHandler.go:68.81,82.13 7 1
github.com/Ulbora/FlicService/handlers/flicHandler.go:82.13,84.3 1 1
github.com/Ulbora/FlicService/handlers/flicHandler.go:84.8,90.25 6 1
github.com/Ulbora/FlicService/handlers/flicHandler.go:90.25,92.4 1 1
github.com/Ulbora/FlicService/handlers/flicHandler.go:92.9,96.20 4 1
github.com/Ulbora/FlicService/handlers/flicHandler.go:101.4,103.51 2 1
github.com/Ulbora/FlicService/handlers/flicHandler.go:107.4,117.20 10 1
github.com/Ulbora/FlicService/handlers/flicHandler.go:122.4,123.11 2 1
github.com/Ulbora/FlicService/handlers/flicHandler.go:96.20,99.5 2 1
github.com/Ulbora/FlicService/handlers/flicHandler.go:103.51,106.5 2 1
github.com/Ulbora/FlicService/handlers/flicHandler.go:117.20,119.5 1 1
github.com/Ulbora/FlicService/handlers/flicHandler.go:119.10,119.25 1 1
github.com/Ulbora/FlicService/handlers/flicHandler.go:119.25,121.5 1 1
github.com/Ulbora/FlicService/handlers/flicHandler.go:123.11,128.5 4 1
github.com/Ulbora/FlicService/handlers/flicHandler.go:128.10,130.5 1 1
github.com/Ulbora/FlicService/handlers/flicHandler.go:139.77,146.13 7 1
github.com/Ulbora/FlicService/handlers/flicHandler.go:146.13,148.3 1 1
github.com/Ulbora/FlicService/handlers/flicHandler.go:148.8,154.25 6 1
github.com/Ulbora/FlicService/handlers/flicHandler.go:154.25,156.4 1 1
github.com/Ulbora/FlicService/handlers/flicHandler.go:156.9,160.20 4 1
github.com/Ulbora/FlicService/handlers/flicHandler.go:165.4,167.51 2 1
github.com/Ulbora/FlicService/handlers/flicHandler.go:171.4,181.20 10 1
github.com/Ulbora/FlicService/handlers/flicHandler.go:186.4,187.11 2 1
github.com/Ulbora/FlicService/handlers/flicHandler.go:160.20,163.5 2 1
github.com/Ulbora/FlicService/handlers/flicHandler.go:167.51,170.5 2 1
github.com/Ulbora/FlicService/handlers/flicHandler.go:181.20,183.5 1 1
github.com/Ulbora/FlicService/handlers/flicHandler.go:183.10,183.25 1 1
github.com/Ulbora/FlicService/handlers/flicHandler.go:183.25,185.5 1 1
github.com/Ulbora/FlicService/handlers/flicHandler.go:187.11,205.5 16 1
github.com/Ulbora/FlicService/handlers/flicHandler.go:205.10,207.5 1 1
github.com/Ulbora/FlicService/handlers/flicHandler.go:214.76,217.13 3 1
github.com/Ulbora/FlicService/handlers/flicHandler.go:217.13,219.3 1 1
github.com/Ulbora/FlicService/handlers/flicHandler.go:219.8,225.25 6 1
github.com/Ulbora/FlicService/handlers/flicHandler.go:225.25,227.4 1 1
github.com/Ulbora/FlicService/handlers/flicHandler.go:227.9,232.11 5 1
github.com/Ulbora/FlicService/handlers/flicHandler.go:232.11,235.5 2 1
github.com/Ulbora/FlicService/handlers/flicHandler.go:235.10,237.5 1 1
github.com/Ulbora/FlicService/handlers/flicHandler.go:243.58,246.33 3 1
github.com/Ulbora/FlicService/handlers/flicHandler.go:249.2,249.12 1 1
github.com/Ulbora/FlicService/handlers/flicHandler.go:246.33,248.3 1 1
github.com/Ulbora/FlicService/handlers/flicHandler.go:253.61,255.2 1 1
github.com/Ulbora/FlicService/handlers/flicHandler.go:258.83,261.19 3 1
github.com/Ulbora/FlicService/handlers/flicHandler.go:272.2,272.17 1 1
github.com/Ulbora/FlicService/handlers/flicHandler.go:261.19,264.17 3 1
github.com/Ulbora/FlicService/handlers/flicHandler.go:264.17,266.4 1 1
github.com/Ulbora/FlicService/handlers/flicHandler.go:266.9,268.4 1 1
github.com/Ulbora/FlicService/handlers/flicHandler.go:269.8,271.3 1 1
github.com/Ulbora/FlicService/handlers/loggingHandler.go:55.75,62.16 4 1
github.com/Ulbora/FlicService/handlers/loggingHandler.go:62.16,64.3 1 1
github.com/Ulbora/FlicService/handlers/loggingHandler.go:64.8,66.37 2 1
github.com/Ulbora/FlicService/handlers/loggingHandler.go:71.3,72.34 2 1
github.com/Ulbora/FlicService/handlers/loggingHandler.go:103.3,104.33 2 1
github.com/Ulbora/FlicService/handlers/loggingHandler.go:66.37,68.4 1 1
github.com/Ulbora/FlicService/handlers/loggingHandler.go:68.9,70.4 1 1
github.com/Ulbora/FlicService/handlers/loggingHandler.go:72.34,78.30 3 1
github.com/Ulbora/FlicService/handlers/loggingHandler.go:78.30,80.5 1 1
github.com/Ulbora/FlicService/handlers/loggingHandler.go:80.10,81.38 1 1
github.com/Ulbora/FlicService/handlers/loggingHandler.go:82.21,85.34 3 1
github.com/Ulbora/FlicService/handlers/loggingHandler.go:86.20,89.33 3 1
github.com/Ulbora/FlicService/handlers/loggingHandler.go:90.19,93.32 3 1
github.com/Ulbora/FlicService/handlers/loggingHandler.go:94.19,97.32 3 1
github.com/Ulbora/FlicService/handlers/loggingHandler.go:100.9,102.4 1 1
