mode: set
github.com/Ulbora/FlicService/handlers/flicHandler.go:67.41,69.2 1 1
github.com/Ulbora/FlicService/handlers/flicHandler.go:72.81,86.13 7 1
github.com/Ulbora/FlicService/handlers/flicHandler.go:86.13,88.3 1 1
github.com/Ulbora/FlicService/handlers/flicHandler.go:88.8,94.25 6 1
github.com/Ulbora/FlicService/handlers/flicHandler.go:94.25,96.4 1 1
github.com/Ulbora/FlicService/handlers/flicHandler.go:96.9,100.20 4 1
github.com/Ulbora/FlicService/handlers/flicHandler.go:105.4,107.51 2 1
github.com/Ulbora/FlicService/handlers/flicHandler.go:111.4,121.20 10 1
github.com/Ulbora/FlicService/handlers/flicHandler.go:126.4,127.11 2 1
github.com/Ulbora/FlicService/handlers/flicHandler.go:100.20,103.5 2 1
github.com/Ulbora/FlicService/handlers/flicHandler.go:107.51,110.5 2 1
github.com/Ulbora/FlicService/handlers/flicHandler.go:121.20,123.5 1 1
github.com/Ulbora/FlicService/handlers/flicHandler.go:123.10,123.25 1 1
github.com/Ulbora/FlicService/handlers/flicHandler.go:123.25,125.5 1 1
github.com/Ulbora/FlicService/handlers/flicHandler.go:127.11,132.5 4 1
github.com/Ulbora/FlicService/handlers/flicHandler.go:132.10,134.5 1 1
github.com/Ulbora/FlicService/handlers/flicHandler.go:143.77,150.13 7 1
github.com/Ulbora/FlicService/handlers/flicHandler.go:150.13,152.3 1 1
github.com/Ulbora/FlicService/handlers/flicHandler.go:152.8,158.25 6 1
github.com/Ulbora/FlicService/handlers/flicHandler.go:158.25,160.4 1 1
github.com/Ulbora/FlicService/handlers/flicHandler.go:160.9,164.20 4 1
github.com/Ulbora/FlicService/handlers/flicHandler.go:169.4,171.51 2 1
github.com/Ulbora/FlicService/handlers/flicHandler.go:175.4,185.20 10 1
github.com/Ulbora/FlicService/handlers/flicHandler.go:190.4,191.11 2 1
github.com/Ulbora/FlicService/handlers/flicHandler.go:164.20,167.5 2 1
github.com/Ulbora/FlicService/handlers/flicHandler.go:171.51,174.5 2 1
github.com/Ulbora/FlicService/handlers/flicHandler.go:185.20,187.5 1 1
github.com/Ulbora/FlicService/handlers/flicHandler.go:187.10,187.25 1 1
github.com/Ulbora/FlicService/handlers/flicHandler.go:187.25,189.5 1 1
github.com/Ulbora/FlicService/handlers/flicHandler.go:191.11,213.5 20 1
github.com/Ulbora/FlicService/handlers/flicHandler.go:213.10,215.5 1 1
github.com/Ulbora/FlicService/handlers/flicHandler.go:222.76,225.13 3 1
github.com/Ulbora/FlicService/handlers/flicHandler.go:225.13,227.3 1 1
github.com/Ulbora/FlicService/handlers/flicHandler.go:227.8,233.25 6 1
github.com/Ulbora/FlicService/handlers/flicHandler.go:233.25,235.4 1 1
github.com/Ulbora/FlicService/handlers/flicHandler.go:235.9,240.11 5 1
github.com/Ulbora/FlicService/handlers/flicHandler.go:240.11,243.5 2 1
github.com/Ulbora/FlicService/handlers/flicHandler.go:243.10,245.5 1 1
github.com/Ulbora/FlicService/handlers/flicHandler.go:251.58,254.33 3 1
github.com/Ulbora/FlicService/handlers/flicHandler.go:257.2,257.12 1 1
github.com/Ulbora/FlicService/handlers/flicHandler.go:254.33,256.3 1 1
github.com/Ulbora/FlicService/handlers/flicHandler.go:261.61,263.2 1 1
github.com/Ulbora/FlicService/handlers/flicHandler.go:266.83,269.19 3 1
github.com/Ulbora/FlicService/handlers/flicHandler.go:280.2,280.17 1 1
github.com/Ulbora/FlicService/handlers/flicHandler.go:269.19,272.17 3 1
github.com/Ulbora/FlicService/handlers/flicHandler.go:272.17,274.4 1 1
github.com/Ulbora/FlicService/handlers/flicHandler.go:274.9,276.4 1 1
github.com/Ulbora/FlicService/handlers/flicHandler.go:277.8,279.3 1 1
github.com/Ulbora/FlicService/handlers/loggingHandler.go:55.75,62.16 4 1
github.com/Ulbora/FlicService/handlers/loggingHandler.go:62.16,64.3 1 1
github.com/Ulbora/FlicService/handlers/loggingHandler.go:64.8,66.37 2 1
github.com/Ulbora/FlicService/handlers/loggingHandler.go:71.3,72.34 2 1
github.com/Ulbora/FlicService/handlers/loggingHandler.go:103.3,104.33 2 1
github.com/Ulbora/FlicService/handlers/loggingHandler.go:66.37,68.4 1 1
github.com/Ulbora/FlicService/handlers/loggingHandler.go:68.9,70.4 1 1
github.com/Ulbora/FlicService/handlers/loggingHandler.go:72.34,78.30 3 1
github.com/Ulbora/FlicService/handlers/loggingHandler.go:78.30,80.5 1 1
github.com/Ulbora/FlicService/handlers/loggingHandler.go:80.10,81.38 1 1
github.com/Ulbora/FlicService/handlers/loggingHandler.go:82.21,85.34 3 1
github.com/Ulbora/FlicService/handlers/loggingHandler.go:86.20,89.33 3 1
github.com/Ulbora/FlicService/handlers/loggingHandler.go:90.19,93.32 3 1
github.com/Ulbora/FlicService/handlers/loggingHandler.go:94.19,97.32 3 1
github.com/Ulbora/FlicService/handlers/loggingHandler.go:100.9,102.4 1 1
