mode: set
github.com/Ulbora/FlicService/mysqldb/db.go:58.34,60.2 1 1
github.com/Ulbora/FlicService/mysqldb/db.go:63.44,66.25 3 1
github.com/Ulbora/FlicService/mysqldb/db.go:69.2,72.37 4 1
github.com/Ulbora/FlicService/mysqldb/db.go:77.2,77.12 1 1
github.com/Ulbora/FlicService/mysqldb/db.go:66.25,68.3 1 1
github.com/Ulbora/FlicService/mysqldb/db.go:72.37,75.3 2 1
github.com/Ulbora/FlicService/mysqldb/db.go:80.40,88.26 8 1
github.com/Ulbora/FlicService/mysqldb/db.go:99.2,99.12 1 1
github.com/Ulbora/FlicService/mysqldb/db.go:88.26,92.17 4 1
github.com/Ulbora/FlicService/mysqldb/db.go:95.3,95.20 1 1
github.com/Ulbora/FlicService/mysqldb/db.go:92.17,94.4 1 1
github.com/Ulbora/FlicService/mysqldb/db.go:95.20,97.4 1 1
github.com/Ulbora/FlicService/mysqldb/db.go:102.47,104.24 2 1
github.com/Ulbora/FlicService/mysqldb/db.go:114.2,114.13 1 1
github.com/Ulbora/FlicService/mysqldb/db.go:104.24,106.17 2 1
github.com/Ulbora/FlicService/mysqldb/db.go:106.17,112.4 5 1
github.com/Ulbora/FlicService/mysqldb/mockDb.go:26.48,28.2 1 1
github.com/Ulbora/FlicService/mysqldb/mockDb.go:31.38,33.2 1 1
