mode: set
github.com/Ulbora/FlicService/mysqldb/mockDb.go:28.48,30.2 1 1
github.com/Ulbora/FlicService/mysqldb/mockDb.go:33.48,35.2 1 1
github.com/Ulbora/FlicService/mysqldb/mockDb.go:38.55,40.2 1 1
github.com/Ulbora/FlicService/mysqldb/mockDb.go:43.38,45.2 1 1
github.com/Ulbora/FlicService/mysqldb/db.go:72.34,74.2 1 1
github.com/Ulbora/FlicService/mysqldb/db.go:77.44,80.25 3 1
github.com/Ulbora/FlicService/mysqldb/db.go:83.2,86.40 4 1
github.com/Ulbora/FlicService/mysqldb/db.go:100.2,100.13 1 1
github.com/Ulbora/FlicService/mysqldb/db.go:80.25,82.3 1 1
github.com/Ulbora/FlicService/mysqldb/db.go:86.40,88.28 2 1
github.com/Ulbora/FlicService/mysqldb/db.go:88.28,90.25 2 1
github.com/Ulbora/FlicService/mysqldb/db.go:97.4,97.9 1 1
github.com/Ulbora/FlicService/mysqldb/db.go:90.25,92.19 2 1
github.com/Ulbora/FlicService/mysqldb/db.go:92.19,95.6 2 1
github.com/Ulbora/FlicService/mysqldb/db.go:104.51,106.25 2 1
github.com/Ulbora/FlicService/mysqldb/db.go:109.2,112.12 4 1
github.com/Ulbora/FlicService/mysqldb/db.go:106.25,108.3 1 1
github.com/Ulbora/FlicService/mysqldb/db.go:116.44,119.25 3 1
github.com/Ulbora/FlicService/mysqldb/db.go:122.2,125.37 4 1
github.com/Ulbora/FlicService/mysqldb/db.go:131.2,131.12 1 1
github.com/Ulbora/FlicService/mysqldb/db.go:119.25,121.3 1 1
github.com/Ulbora/FlicService/mysqldb/db.go:125.37,129.3 3 1
github.com/Ulbora/FlicService/mysqldb/db.go:134.40,142.26 8 1
github.com/Ulbora/FlicService/mysqldb/db.go:153.2,153.12 1 1
github.com/Ulbora/FlicService/mysqldb/db.go:142.26,146.17 4 1
github.com/Ulbora/FlicService/mysqldb/db.go:149.3,149.20 1 1
github.com/Ulbora/FlicService/mysqldb/db.go:146.17,148.4 1 1
github.com/Ulbora/FlicService/mysqldb/db.go:149.20,151.4 1 1
github.com/Ulbora/FlicService/mysqldb/db.go:156.47,158.24 2 1
github.com/Ulbora/FlicService/mysqldb/db.go:170.2,170.13 1 1
github.com/Ulbora/FlicService/mysqldb/db.go:158.24,161.32 3 1
github.com/Ulbora/FlicService/mysqldb/db.go:161.32,168.4 6 1
