mode: set
github.com/Ulbora/FlicService/managers/flicManager.go:91.40,93.2 1 1
github.com/Ulbora/FlicService/managers/flicManager.go:96.67,98.25 2 1
github.com/Ulbora/FlicService/managers/flicManager.go:122.2,122.13 1 1
github.com/Ulbora/FlicService/managers/flicManager.go:98.25,113.27 10 1
github.com/Ulbora/FlicService/managers/flicManager.go:113.27,120.4 6 1
github.com/Ulbora/FlicService/managers/flicManager.go:126.61,128.25 2 1
github.com/Ulbora/FlicService/managers/flicManager.go:156.2,156.13 1 1
github.com/Ulbora/FlicService/managers/flicManager.go:128.25,143.27 10 1
github.com/Ulbora/FlicService/managers/flicManager.go:143.27,154.4 10 1
github.com/Ulbora/FlicService/managers/flicManager.go:160.55,162.17 2 1
github.com/Ulbora/FlicService/managers/flicManager.go:173.2,173.12 1 1
github.com/Ulbora/FlicService/managers/flicManager.go:162.17,164.18 2 1
github.com/Ulbora/FlicService/managers/flicManager.go:164.18,167.11 3 1
github.com/Ulbora/FlicService/managers/flicManager.go:167.11,170.5 2 1
github.com/Ulbora/FlicService/managers/flicManager.go:177.49,181.17 4 1
github.com/Ulbora/FlicService/managers/flicManager.go:186.2,186.12 1 1
github.com/Ulbora/FlicService/managers/flicManager.go:181.17,185.3 3 1
github.com/Ulbora/FlicService/managers/flicManager.go:190.59,192.22 2 1
github.com/Ulbora/FlicService/managers/flicManager.go:208.2,213.18 6 1
github.com/Ulbora/FlicService/managers/flicManager.go:218.2,223.26 5 1
github.com/Ulbora/FlicService/managers/flicManager.go:228.2,229.12 2 1
github.com/Ulbora/FlicService/managers/flicManager.go:192.22,194.57 2 1
github.com/Ulbora/FlicService/managers/flicManager.go:194.57,196.4 1 1
github.com/Ulbora/FlicService/managers/flicManager.go:197.8,197.34 1 1
github.com/Ulbora/FlicService/managers/flicManager.go:197.34,204.90 7 1
github.com/Ulbora/FlicService/managers/flicManager.go:204.90,206.4 1 1
github.com/Ulbora/FlicService/managers/flicManager.go:213.18,215.3 1 1
github.com/Ulbora/FlicService/managers/flicManager.go:215.8,215.26 1 1
github.com/Ulbora/FlicService/managers/flicManager.go:215.26,217.3 1 1
github.com/Ulbora/FlicService/managers/flicManager.go:223.26,227.3 3 1
