mode: set
github.com/Ulbora/FlicService/managers/flicManager.go:102.40,104.2 1 1
github.com/Ulbora/FlicService/managers/flicManager.go:107.79,110.25 3 1
github.com/Ulbora/FlicService/managers/flicManager.go:135.2,135.18 1 1
github.com/Ulbora/FlicService/managers/flicManager.go:110.25,126.27 11 1
github.com/Ulbora/FlicService/managers/flicManager.go:126.27,133.4 6 1
github.com/Ulbora/FlicService/managers/flicManager.go:139.69,142.25 3 1
github.com/Ulbora/FlicService/managers/flicManager.go:175.2,175.18 1 1
github.com/Ulbora/FlicService/managers/flicManager.go:142.25,158.27 11 1
github.com/Ulbora/FlicService/managers/flicManager.go:158.27,173.4 14 1
github.com/Ulbora/FlicService/managers/flicManager.go:179.55,181.17 2 1
github.com/Ulbora/FlicService/managers/flicManager.go:192.2,192.12 1 1
github.com/Ulbora/FlicService/managers/flicManager.go:181.17,183.18 2 1
github.com/Ulbora/FlicService/managers/flicManager.go:183.18,186.11 3 1
github.com/Ulbora/FlicService/managers/flicManager.go:186.11,189.5 2 1
github.com/Ulbora/FlicService/managers/flicManager.go:196.49,200.17 4 1
github.com/Ulbora/FlicService/managers/flicManager.go:205.2,205.12 1 1
github.com/Ulbora/FlicService/managers/flicManager.go:200.17,204.3 3 1
github.com/Ulbora/FlicService/managers/flicManager.go:209.59,212.22 3 1
github.com/Ulbora/FlicService/managers/flicManager.go:229.2,234.18 6 1
github.com/Ulbora/FlicService/managers/flicManager.go:239.2,244.26 5 1
github.com/Ulbora/FlicService/managers/flicManager.go:249.2,250.12 2 1
github.com/Ulbora/FlicService/managers/flicManager.go:212.22,215.57 3 1
github.com/Ulbora/FlicService/managers/flicManager.go:215.57,217.4 1 1
github.com/Ulbora/FlicService/managers/flicManager.go:218.8,218.34 1 1
github.com/Ulbora/FlicService/managers/flicManager.go:218.34,225.90 7 1
github.com/Ulbora/FlicService/managers/flicManager.go:225.90,227.4 1 1
github.com/Ulbora/FlicService/managers/flicManager.go:234.18,236.3 1 1
github.com/Ulbora/FlicService/managers/flicManager.go:236.8,236.26 1 1
github.com/Ulbora/FlicService/managers/flicManager.go:236.26,238.3 1 1
github.com/Ulbora/FlicService/managers/flicManager.go:244.26,248.3 3 1
